                   J E S 2  J O B  L O G  --  S Y S T E M  2 9 6 4  --  N O D E  S V S C J E S 2
 
00.45.37 JOB01799 ---- FRIDAY, 21 FEB 2020 ----
00.45.37 JOB01799  IRR010I  USERID KC03D76 IS ASSIGNED TO THIS JOB.
00.45.37 JOB01799  ICH70001I KC03D76 LAST ACCESS AT 00:39:50 ON FRIDAY, FEBRUARY 21, 2020
00.45.37 JOB01799  $HASP373 KC03D76A STARTED - INIT 2    - CLASS A        - SYS 2964
00.45.37 JOB01799  $HASP395 KC03D76A ENDED - RC=0000
------ JES2 JOB STATISTICS ------
  04 JUL 2020 JOB EXECUTION DATE
           41 CARDS READ
           93 SYSOUT PRINT RECORDS
            0 SYSOUT PUNCH RECORDS
            9 SYSOUT SPOOL KBYTES
         0.00 MINUTES EXECUTION TIME
        1 //KC03D76A JOB ,'AFIFAH ARIF',MSGCLASS=H                                JOB01799
        2 //JSTEP01  EXEC PGM=ASSIST
        3 //STEPLIB  DD DSN=KC02293.ASSIST.LOADLIB,DISP=SHR                        
        4 //SYSPRINT DD SYSOUT=*
        5 //SYSIN    DD *
        6 //
ICH70001I KC03D76 LAST ACCESS AT 00:39:50 ON FRIDAY, FEBRUARY 21, 2020
IEFA111I KC03D76A IS USING THE FOLLOWING JOB RELATED SETTINGS:
         SWA=ABOVE,TIOT SIZE=32K,DSENQSHR=DISALLOW,GDGBIAS=JOB
IEF236I ALLOC. FOR KC03D76A JSTEP01
IGD103I SMS ALLOCATED TO DDNAME STEPLIB
IEF237I JES2 ALLOCATED TO SYSPRINT
IEF237I JES2 ALLOCATED TO SYSIN
IEF142I KC03D76A JSTEP01 - STEP WAS EXECUTED - COND CODE 0000
IGD104I KC02293.ASSIST.LOADLIB                       RETAINED,  DDNAME=STEPLIB
IEF285I   KC03D76.KC03D76A.JOB08835.D0000103.?         SYSOUT
IEF285I   KC03D76.KC03D76A.JOB08835.D0000103.?         SYSIN
IEF373I STEP/JSTEP01 /START 2020186.0045
IEF032I STEP/JSTEP01 /STOP  2020186.0045
        CPU:     0 HR  00 MIN  00.00 SEC    SRB:     0 HR  00 MIN  00.00 SEC
        VIRT:   584K  SYS:   244K  EXT:        0K  SYS:    12176K
        ATB- REAL:                  1056K  SLOTS:                     0K
             VIRT- ALLOC:      13M SHRD:       0M
IEF375I  JOB/KC03D76A/START 2020186.0045
IEF033I  JOB/KC03D76A/START 2020186.0045
        CPU:     0 HR  00 MIN  00.00 SEC    SRB:     0 HR  00 MIN  00.00 SEC
******************************************************************
*                                                                *
*  CSCI 360               ASSIGNMENT  5             SPRING 2020  *
*                                                                *
*  DATE DUE:  02/22/2020                                         *
*  TIME DUE:  11:59 PM                                           *
*                                                                *
******************************************************************
*
*        COL. 10
*        |     COL. 16
*        |     |
*        v     v
ASSIGN5C CSECT
         USING ASSIGN5C,15     ESTABLISH ADDRESSABILITY ON REG 15
         L     4,40(,15)       SAME DOCUMENTATION
         L     5,44(,15)          AS ASSIGN3B JUST USING
         SR    4,5                   EXPLICIT ADDRESSING
         ST    4,48(,15)
         L     6,40(,15)
         L     7,44(,15)
         AR    6,7
         ST    6,52(,15)
         XDUMP 40(15),8
         BCR   B'1111',14
*
         LTORG                 LITERAL ORGANIZATION
*
         DC    F'97'           FIRST
         DC    F'33'           SECOND
         DS    F               ANSWER1
         DS    F               ANSWER2
*
         END   ASSIGN5C
*** ASSIST 4.0/A2-05/15/82  470/V7A/0:OS/VS2  INS=SDFP7/X=BGHO, CHECK/TRC/=1180, OPTS=CDKMPR FROM PENN ST*NIU COMPSCI*LT
 
                                                                                                               PAGE    1
  LOC  OBJECT CODE    ADDR1 ADDR2  STMT   SOURCE STATEMENT
                                      1 ******************************************************************
                                      2 *                                                                *
                                      3 *  CSCI 360               ASSIGNMENT 5              SPRING 2020  *
                                      4 *                                                                *
                                      5 *  DATE DUE:  02/22/2020                                         *
                                      6 *  TIME DUE:  11:59 PM                                           *
                                      7 *                                                                *
                                      8 ******************************************************************
                                      9 *
                                     10 *        COL. 10
                                     11 *        |     COL. 16
                                     12 *        |     |
                                     13 *        v     v
000000                               14 ASSIGN5C CSECT
000000                               15          USING ASSIGN5C,15     ESTABLISH ADDRESSABILITY ON REG 15
000000 5840 F028            00028    16          L     4,40(,15)       SAME DOCUMENTATION
000004 5850 F02C            0002C    17          L     5,44(,15)          AS ASSIGN3B JUST USING
000008 1B45                          18          SR    4,5                   EXPLICIT ADDRESSING
00000A 5040 F030            00030    19          ST    4,48(,15)
00000E 5860 F028            00028    20          L     6,40(,15)
000012 5870 F02C            0002C    21          L     7,44(,15)
000016 1A67                          22          AR    6,7
000018 5060 F034            00034    23          ST    6,52(,15)
00001C E06F 0028 0008 00028          24          XDUMP 40(15),8
000022 07FE                          25          BCR   B'1111',14
                                     26 *
                                     27          LTORG                 LITERAL ORGANIZATION
                                     28 *
000028 00000061                      29          DC    F'97'           FIRST
00002C 00000021                      30          DC    F'33'           SECOND
000030                               31          DS    F               ANSWER1
000034                               32          DS    F               ANSWER2
                                     33 *
                                     34          END   ASSIGN5C
***  NO   STATEMENTS FLAGGED -  NO   WARNINGS,  NO   ERRORS
*** DYNAMIC CORE AREA USED:  LOW:     980 HIGH:     348 LEAVING:  492240 FREE BYTES. AVERAGE:       37 BYTES/STMT ***
*** ASSEMBLY TIME =    0.000 SECS,    35000 STATEMENTS/SEC ***
*** PROGRAM EXECUTION BEGINNING - ANY OUTPUT BEFORE EXECUTION TIME MESSAGE IS PRODUCED BY USER PROGRAM ***
BEGIN XSNAP - CALL     1 AT E0000022 USER STORAGE
                             CORE ADDRESSES SPECIFIED-     000028 TO 000030
000020   000807FE F5F5F5F5 00000061 00000021    00000040 00000082 F5F5F5F5 00000000   *....5555........... ....5555....*
 
*** EXECUTION TIME =    0.000 SECS.        10 INSTRUCTIONS EXECUTED -    10000 INSTRUCTIONS/SEC ***
*** FIRST CARD NOT READ: NO CARDS READ:FILE UNOPENED
*** AM004 - NORMAL USER TERMINATION BY RETURN ***
