                   J E S 2  J O B  L O G  --  S Y S T E M  2 9 6 4  --  N O D E  S V S C J E S 2
 
00.25.58 JOB01794 ---- FRIDAY, 21 FEB 2020 ----
00.25.58 JOB01794  IRR010I  USERID KC03D76 IS ASSIGNED TO THIS JOB.
00.25.58 JOB01794  ICH70001I KC03D76 LAST ACCESS AT 00:24:53 ON FRIDAY, FEBRUARY 21, 2020
00.25.58 JOB01794  $HASP373 KC03D76A STARTED - INIT 2    - CLASS A        - SYS 2964
00.25.58 JOB01794  $HASP395 KC03D76A ENDED - RC=0000
------ JES2 JOB STATISTICS ------
  04 JUL 2020 JOB EXECUTION DATE
           38 CARDS READ
           89 SYSOUT PRINT RECORDS
            0 SYSOUT PUNCH RECORDS
            9 SYSOUT SPOOL KBYTES
         0.00 MINUTES EXECUTION TIME
        1 //KC03D76A JOB ,'AFIFAH ARIF',MSGCLASS=H                                JOB01794
        2 //JSTEP01  EXEC PGM=ASSIST
        3 //STEPLIB  DD DSN=KC02293.ASSIST.LOADLIB,DISP=SHR                        
        4 //SYSPRINT DD SYSOUT=*
        5 //SYSIN    DD *
        6 //
ICH70001I KC03D76 LAST ACCESS AT 00:24:53 ON FRIDAY, FEBRUARY 21, 2020
IEFA111I KC03D76A IS USING THE FOLLOWING JOB RELATED SETTINGS:
         SWA=ABOVE,TIOT SIZE=32K,DSENQSHR=DISALLOW,GDGBIAS=JOB
IEF236I ALLOC. FOR KC03D76A JSTEP01
IGD103I SMS ALLOCATED TO DDNAME STEPLIB
IEF237I JES2 ALLOCATED TO SYSPRINT
IEF237I JES2 ALLOCATED TO SYSIN
IEF142I KC03D76A JSTEP01 - STEP WAS EXECUTED - COND CODE 0000
IGD104I KC02293.ASSIST.LOADLIB                       RETAINED,  DDNAME=STEPLIB
IEF285I   KC03D76.KC03D76A.JOB08835.D0000103.?         SYSOUT
IEF285I   KC03D76.KC03D76A.JOB08835.D0000101.?         SYSIN
IEF373I STEP/JSTEP01 /START 2020186.0025
IEF032I STEP/JSTEP01 /STOP  2020186.0025
        CPU:     0 HR  00 MIN  00.00 SEC    SRB:     0 HR  00 MIN  00.00 SEC
        VIRT:   584K  SYS:   244K  EXT:        0K  SYS:    12176K
        ATB- REAL:                  1056K  SLOTS:                     0K
             VIRT- ALLOC:      13M SHRD:       0M
IEF375I  JOB/KC03D76A/START 2020186.0025
IEF033I  JOB/KC03D76A/STOP  2020186.0025
        CPU:     0 HR  00 MIN  00.00 SEC    SRB:     0 HR  00 MIN  00.00 SEC
******************************************************************
*                                                                *
*  CSCI 360               ASSIGNMENT 5              SPRING 2020  *
*                                                                *
*  DATE DUE:  02/22/2020                                         *
*  TIME DUE:  11:59 PM                                           *
*                                                                *
******************************************************************
*
*        COL. 10
*        |     COL. 16
*        |     |
*        v     v
ASSIGN5A CSECT
         USING ASSIGN5A,15     ESTABLISH ADDRESSABILITY ON REG 15
         L     4,FIRST         LOAD FIRST VAR INTO REG 4
         L     5,SECOND        LOAD SECOND VAR INTO REG 5
         SR    4,5             SUBTRACT SECOND FROM FIRST & PUT IN R4
         L     6,FIRST         LOAD FIRST VAR INTO REG 6
         L     7,SECOND        LOAD SECOND VAR INTO REG 7
         AR    6,7             ADD SECOND TO FIRST AND PUT IN REG 6
         XDUMP
         BCR   B'1111',14
*
         LTORG                 LITERAL ORGANIZATION
*
FIRST    DC    F'97'           FULLWORD VARIABLE
SECOND   DC    F'33'           FULLWORD VARIABLE
*
         END   ASSIGN5A        END PROGRAM
*** ASSIST 4.0/A2-05/15/82  470/V7A/0:OS/VS2  INS=SDFP7/X=BGHO, CHECK/TRC/=1180, OPTS=CDKMPR FROM PENN ST*NIU COMPSCI*LT
 
                                                                                                               PAGE    1
  LOC  OBJECT CODE    ADDR1 ADDR2  STMT   SOURCE STATEMENT
                                      1 ******************************************************************
                                      2 *                                                                *
                                      3 *  CSCI 360               ASSIGNMENT 5              SPRING 2020  *
                                      4 *                                                                *
                                      5 *  DATE DUE:  02/22/2020                                         *
                                      6 *  TIME DUE:  11:59 PM                                           *
                                      7 *                                                                *
                                      8 ******************************************************************
                                      9 *
                                     10 *        COL. 10
                                     11 *        |     COL. 16
                                     12 *        |     |
                                     13 *        v     v
000000                               14 ASSIGN5A CSECT
000000                               15          USING ASSIGN5A,15     ESTABLISH ADDRESSABILITY ON REG 15
000000 5840 F020            00020    16          L     4,FIRST         LOAD FIRST VAR INTO REG 4
000004 5850 F024            00024    17          L     5,SECOND        LOAD SECOND VAR INTO REG 5
000008 1B45                          18          SR    4,5             SUBTRACT SECOND FROM FIRST & PUT IN R4
00000A 5860 F020            00020    19          L     6,FIRST         LOAD FIRST VAR INTO REG 6
00000E 5870 F024            00024    20          L     7,SECOND        LOAD SECOND VAR INTO REG 7
000012 1A67                          21          AR    6,7             ADD SECOND TO FIRST AND PUT IN REG 6
000014 E160 0000 0000 00000          22          XDUMP
00001A 07FE                          23          BCR   B'1111',14
                                     24 *
                                     25          LTORG                 LITERAL ORGANIZATION
                                     26 *
000020 00000061                      27 FIRST    DC    F'97'           FULLWORD VARIABLE
000024 00000021                      28 SECOND   DC    F'33'           FULLWORD VARIABLE
                                     29 *
                                     30          END   ASSIGN5A        END PROGRAM
***  NO   STATEMENTS FLAGGED -  NO   WARNINGS,  NO   ERRORS
*** DYNAMIC CORE AREA USED:  LOW:     960 HIGH:     388 LEAVING:  492220 FREE BYTES. AVERAGE:       43 BYTES/STMT ***
*** ASSEMBLY TIME =    0.000 SECS,    31000 STATEMENTS/SEC ***
*** PROGRAM EXECUTION BEGINNING - ANY OUTPUT BEFORE EXECUTION TIME MESSAGE IS PRODUCED BY USER PROGRAM ***
BEGIN XSNAP - CALL     1 AT E000001A USER REGISTERS
 REGS 0-7      F4F4F4F4    F4F4F4F4    F4F4F4F4    F4F4F4F4    00000040    00000021    00000082    00000021
 REGS 8-15     F4F4F4F4    F4F4F4F4    F4F4F4F4    F4F4F4F4    F4F4F4F4    00000028    FFFE7960    00000000
 
*** EXECUTION TIME =    0.000 SECS.         8 INSTRUCTIONS EXECUTED -     8000 INSTRUCTIONS/SEC ***
*** FIRST CARD NOT READ: NO CARDS READ:FILE UNOPENED
*** AM004 - NORMAL USER TERMINATION BY RETURN ***
